2014/10/23 17:10:02 [error] [exception.CDbException] exception 'CDbException' with message 'CDbConnection failed to open the DB connection: SQLSTATE[HY000] [1045] Access denied for user 'root'@'localhost' (using password: YES)' in C:\Proyectos\Workspace\plavisoft\framework\db\CDbConnection.php:382
Stack trace:
#0 C:\Proyectos\Workspace\plavisoft\framework\db\CDbConnection.php(330): CDbConnection->open()
#1 C:\Proyectos\Workspace\plavisoft\framework\db\CDbConnection.php(308): CDbConnection->setActive(true)
#2 C:\Proyectos\Workspace\plavisoft\framework\base\CModule.php(387): CDbConnection->init()
#3 C:\Proyectos\Workspace\plavisoft\framework\base\CApplication.php(450): CModule->getComponent('db')
#4 C:\Proyectos\Workspace\plavisoft\framework\db\ar\CActiveRecord.php(634): CApplication->getDb()
#5 C:\Proyectos\Workspace\plavisoft\framework\db\ar\CActiveRecord.php(667): CActiveRecord->getDbConnection()
#6 C:\Proyectos\Workspace\plavisoft\framework\db\ar\CActiveRecord.php(1469): CActiveRecord->getCommandBuilder()
#7 C:\Proyectos\Workspace\plavisoft\PhpCode\PlaViSoft\protected\controllers\ChequeController.php(159): CActiveRecord->findAll()
#8 [internal function]: ChequeController->actionAdmin(NULL)
#9 C:\Proyectos\Workspace\plavisoft\framework\web\actions\CAction.php(108): ReflectionMethod->invokeArgs(Object(ChequeController), Array)
#10 C:\Proyectos\Workspace\plavisoft\framework\web\actions\CInlineAction.php(47): CAction->runWithParamsInternal(Object(ChequeController), Object(ReflectionMethod), Array)
#11 C:\Proyectos\Workspace\plavisoft\framework\web\CController.php(308): CInlineAction->runWithParams(Array)
#12 C:\Proyectos\Workspace\plavisoft\framework\web\filters\CFilterChain.php(133): CController->runAction(Object(CInlineAction))
#13 C:\Proyectos\Workspace\plavisoft\framework\web\filters\CFilter.php(40): CFilterChain->run()
#14 C:\Proyectos\Workspace\plavisoft\framework\web\CController.php(1145): CFilter->filter(Object(CFilterChain))
#15 C:\Proyectos\Workspace\plavisoft\framework\web\filters\CInlineFilter.php(58): CController->filterAccessControl(Object(CFilterChain))
#16 C:\Proyectos\Workspace\plavisoft\framework\web\filters\CFilterChain.php(130): CInlineFilter->filter(Object(CFilterChain))
#17 C:\Proyectos\Workspace\plavisoft\framework\web\CController.php(291): CFilterChain->run()
#18 C:\Proyectos\Workspace\plavisoft\framework\web\CController.php(265): CController->runActionWithFilters(Object(CInlineAction), Array)
#19 C:\Proyectos\Workspace\plavisoft\framework\web\CWebApplication.php(282): CController->run('admin')
#20 C:\Proyectos\Workspace\plavisoft\framework\web\CWebApplication.php(141): CWebApplication->runController('cheque/admin')
#21 C:\Proyectos\Workspace\plavisoft\framework\base\CApplication.php(180): CWebApplication->processRequest()
#22 C:\Proyectos\Workspace\plavisoft\PhpCode\PlaViSoft\index.php(13): CApplication->run()
#23 {main}
REQUEST_URI=/plavisoft/index.php?r=cheque/admin
HTTP_REFERER=http://localhost/plavisoft/index.php?r=site/login
---
2014/10/23 21:55:00 [error] [exception.CDbException] exception 'CDbException' with message 'CDbConnection failed to open the DB connection: SQLSTATE[HY000] [1045] Access denied for user 'root'@'localhost' (using password: YES)' in C:\Proyectos\Workspace\plavisoft\framework\db\CDbConnection.php:382
Stack trace:
#0 C:\Proyectos\Workspace\plavisoft\framework\db\CDbConnection.php(330): CDbConnection->open()
#1 C:\Proyectos\Workspace\plavisoft\framework\db\CDbConnection.php(308): CDbConnection->setActive(true)
#2 C:\Proyectos\Workspace\plavisoft\framework\base\CModule.php(387): CDbConnection->init()
#3 C:\Proyectos\Workspace\plavisoft\framework\base\CApplication.php(450): CModule->getComponent('db')
#4 C:\Proyectos\Workspace\plavisoft\framework\db\ar\CActiveRecord.php(634): CApplication->getDb()
#5 C:\Proyectos\Workspace\plavisoft\framework\db\ar\CActiveRecord.php(667): CActiveRecord->getDbConnection()
#6 C:\Proyectos\Workspace\plavisoft\framework\db\ar\CActiveRecord.php(1469): CActiveRecord->getCommandBuilder()
#7 C:\Proyectos\Workspace\plavisoft\PhpCode\PlaViSoft\protected\controllers\ChequeController.php(159): CActiveRecord->findAll()
#8 [internal function]: ChequeController->actionAdmin(NULL)
#9 C:\Proyectos\Workspace\plavisoft\framework\web\actions\CAction.php(108): ReflectionMethod->invokeArgs(Object(ChequeController), Array)
#10 C:\Proyectos\Workspace\plavisoft\framework\web\actions\CInlineAction.php(47): CAction->runWithParamsInternal(Object(ChequeController), Object(ReflectionMethod), Array)
#11 C:\Proyectos\Workspace\plavisoft\framework\web\CController.php(308): CInlineAction->runWithParams(Array)
#12 C:\Proyectos\Workspace\plavisoft\framework\web\filters\CFilterChain.php(133): CController->runAction(Object(CInlineAction))
#13 C:\Proyectos\Workspace\plavisoft\framework\web\filters\CFilter.php(40): CFilterChain->run()
#14 C:\Proyectos\Workspace\plavisoft\framework\web\CController.php(1145): CFilter->filter(Object(CFilterChain))
#15 C:\Proyectos\Workspace\plavisoft\framework\web\filters\CInlineFilter.php(58): CController->filterAccessControl(Object(CFilterChain))
#16 C:\Proyectos\Workspace\plavisoft\framework\web\filters\CFilterChain.php(130): CInlineFilter->filter(Object(CFilterChain))
#17 C:\Proyectos\Workspace\plavisoft\framework\web\CController.php(291): CFilterChain->run()
#18 C:\Proyectos\Workspace\plavisoft\framework\web\CController.php(265): CController->runActionWithFilters(Object(CInlineAction), Array)
#19 C:\Proyectos\Workspace\plavisoft\framework\web\CWebApplication.php(282): CController->run('admin')
#20 C:\Proyectos\Workspace\plavisoft\framework\web\CWebApplication.php(141): CWebApplication->runController('cheque/admin')
#21 C:\Proyectos\Workspace\plavisoft\framework\base\CApplication.php(180): CWebApplication->processRequest()
#22 C:\Proyectos\Workspace\plavisoft\PhpCode\PlaViSoft\index.php(13): CApplication->run()
#23 {main}
REQUEST_URI=/plavisoft/index.php?r=cheque/admin
HTTP_REFERER=http://localhost/plavisoft/index.php?r=site/login
---
2014/10/24 16:32:51 [error] [exception.CException] exception 'CException' with message 'La propiedad "Suscripcion"."numero" no se encuentra definida.' in C:\Proyectos\Workspace\plavisoft\framework\base\CComponent.php:130
Stack trace:
#0 C:\Proyectos\Workspace\plavisoft\framework\db\ar\CActiveRecord.php(145): CComponent->__get('numero')
#1 C:\Proyectos\Workspace\plavisoft\PhpCode\PlaViSoft\protected\views\persona\view.php(94): CActiveRecord->__get('numero')
#2 C:\Proyectos\Workspace\plavisoft\framework\web\CBaseController.php(126): require('C:\Proyectos\Wo...')
#3 C:\Proyectos\Workspace\plavisoft\framework\web\CBaseController.php(95): CBaseController->renderInternal('C:\Proyectos\Wo...', Array, true)
#4 C:\Proyectos\Workspace\plavisoft\framework\web\CController.php(869): CBaseController->renderFile('C:\Proyectos\Wo...', Array, true)
#5 C:\Proyectos\Workspace\plavisoft\framework\web\CController.php(782): CController->renderPartial('view', Array, true)
#6 C:\Proyectos\Workspace\plavisoft\PhpCode\PlaViSoft\protected\controllers\PersonaController.php(56): CController->render('view', Array)
#7 [internal function]: PersonaController->actionView('10')
#8 C:\Proyectos\Workspace\plavisoft\framework\web\actions\CAction.php(108): ReflectionMethod->invokeArgs(Object(PersonaController), Array)
#9 C:\Proyectos\Workspace\plavisoft\framework\web\actions\CInlineAction.php(47): CAction->runWithParamsInternal(Object(PersonaController), Object(ReflectionMethod), Array)
#10 C:\Proyectos\Workspace\plavisoft\framework\web\CController.php(308): CInlineAction->runWithParams(Array)
#11 C:\Proyectos\Workspace\plavisoft\framework\web\filters\CFilterChain.php(133): CController->runAction(Object(CInlineAction))
#12 C:\Proyectos\Workspace\plavisoft\framework\web\filters\CFilter.php(40): CFilterChain->run()
#13 C:\Proyectos\Workspace\plavisoft\framework\web\CController.php(1145): CFilter->filter(Object(CFilterChain))
#14 C:\Proyectos\Workspace\plavisoft\framework\web\filters\CInlineFilter.php(58): CController->filterAccessControl(Object(CFilterChain))
#15 C:\Proyectos\Workspace\plavisoft\framework\web\filters\CFilterChain.php(130): CInlineFilter->filter(Object(CFilterChain))
#16 C:\Proyectos\Workspace\plavisoft\framework\web\CController.php(291): CFilterChain->run()
#17 C:\Proyectos\Workspace\plavisoft\framework\web\CController.php(265): CController->runActionWithFilters(Object(CInlineAction), Array)
#18 C:\Proyectos\Workspace\plavisoft\framework\web\CWebApplication.php(282): CController->run('view')
#19 C:\Proyectos\Workspace\plavisoft\framework\web\CWebApplication.php(141): CWebApplication->runController('Persona/view')
#20 C:\Proyectos\Workspace\plavisoft\framework\base\CApplication.php(180): CWebApplication->processRequest()
#21 C:\Proyectos\Workspace\plavisoft\PhpCode\PlaViSoft\index.php(13): CApplication->run()
#22 {main}
REQUEST_URI=/plavisoft/index.php?r=Persona/view&id=10
HTTP_REFERER=http://localhost/plavisoft/index.php?r=persona/admin
---
2014/10/24 16:33:27 [error] [exception.CException] exception 'CException' with message 'La propiedad "Suscripcion"."numero" no se encuentra definida.' in C:\Proyectos\Workspace\plavisoft\framework\base\CComponent.php:130
Stack trace:
#0 C:\Proyectos\Workspace\plavisoft\framework\db\ar\CActiveRecord.php(145): CComponent->__get('numero')
#1 C:\Proyectos\Workspace\plavisoft\PhpCode\PlaViSoft\protected\views\persona\view.php(94): CActiveRecord->__get('numero')
#2 C:\Proyectos\Workspace\plavisoft\framework\web\CBaseController.php(126): require('C:\Proyectos\Wo...')
#3 C:\Proyectos\Workspace\plavisoft\framework\web\CBaseController.php(95): CBaseController->renderInternal('C:\Proyectos\Wo...', Array, true)
#4 C:\Proyectos\Workspace\plavisoft\framework\web\CController.php(869): CBaseController->renderFile('C:\Proyectos\Wo...', Array, true)
#5 C:\Proyectos\Workspace\plavisoft\framework\web\CController.php(782): CController->renderPartial('view', Array, true)
#6 C:\Proyectos\Workspace\plavisoft\PhpCode\PlaViSoft\protected\controllers\PersonaController.php(56): CController->render('view', Array)
#7 [internal function]: PersonaController->actionView('10')
#8 C:\Proyectos\Workspace\plavisoft\framework\web\actions\CAction.php(108): ReflectionMethod->invokeArgs(Object(PersonaController), Array)
#9 C:\Proyectos\Workspace\plavisoft\framework\web\actions\CInlineAction.php(47): CAction->runWithParamsInternal(Object(PersonaController), Object(ReflectionMethod), Array)
#10 C:\Proyectos\Workspace\plavisoft\framework\web\CController.php(308): CInlineAction->runWithParams(Array)
#11 C:\Proyectos\Workspace\plavisoft\framework\web\filters\CFilterChain.php(133): CController->runAction(Object(CInlineAction))
#12 C:\Proyectos\Workspace\plavisoft\framework\web\filters\CFilter.php(40): CFilterChain->run()
#13 C:\Proyectos\Workspace\plavisoft\framework\web\CController.php(1145): CFilter->filter(Object(CFilterChain))
#14 C:\Proyectos\Workspace\plavisoft\framework\web\filters\CInlineFilter.php(58): CController->filterAccessControl(Object(CFilterChain))
#15 C:\Proyectos\Workspace\plavisoft\framework\web\filters\CFilterChain.php(130): CInlineFilter->filter(Object(CFilterChain))
#16 C:\Proyectos\Workspace\plavisoft\framework\web\CController.php(291): CFilterChain->run()
#17 C:\Proyectos\Workspace\plavisoft\framework\web\CController.php(265): CController->runActionWithFilters(Object(CInlineAction), Array)
#18 C:\Proyectos\Workspace\plavisoft\framework\web\CWebApplication.php(282): CController->run('view')
#19 C:\Proyectos\Workspace\plavisoft\framework\web\CWebApplication.php(141): CWebApplication->runController('Persona/view')
#20 C:\Proyectos\Workspace\plavisoft\framework\base\CApplication.php(180): CWebApplication->processRequest()
#21 C:\Proyectos\Workspace\plavisoft\PhpCode\PlaViSoft\index.php(13): CApplication->run()
#22 {main}
REQUEST_URI=/plavisoft/index.php?r=Persona/view&id=10
HTTP_REFERER=http://localhost/plavisoft/index.php?r=persona/admin
---
2014/10/24 17:01:09 [error] [exception.CException] exception 'CException' with message 'La propiedad "Pago"."formulario" no se encuentra definida.' in C:\Proyectos\Workspace\plavisoft\framework\base\CComponent.php:130
Stack trace:
#0 C:\Proyectos\Workspace\plavisoft\framework\db\ar\CActiveRecord.php(145): CComponent->__get('formulario')
#1 C:\Proyectos\Workspace\plavisoft\PhpCode\PlaViSoft\protected\extensions\tablesorter\Sorter.php(192): CActiveRecord->__get('formulario')
#2 C:\Proyectos\Workspace\plavisoft\PhpCode\PlaViSoft\protected\extensions\tablesorter\Sorter.php(113): Sorter->print_row(Object(Pago), 'Pago')
#3 C:\Proyectos\Workspace\plavisoft\PhpCode\PlaViSoft\protected\extensions\tablesorter\Sorter.php(129): Sorter->genTable()
#4 C:\Proyectos\Workspace\plavisoft\framework\web\CBaseController.php(173): Sorter->run()
#5 C:\Proyectos\Workspace\plavisoft\PhpCode\PlaViSoft\protected\views\pago\admin.php(77): CBaseController->widget('application.ext...', Array)
#6 C:\Proyectos\Workspace\plavisoft\framework\web\CBaseController.php(126): require('C:\Proyectos\Wo...')
#7 C:\Proyectos\Workspace\plavisoft\framework\web\CBaseController.php(95): CBaseController->renderInternal('C:\Proyectos\Wo...', Array, true)
#8 C:\Proyectos\Workspace\plavisoft\framework\web\CController.php(869): CBaseController->renderFile('C:\Proyectos\Wo...', Array, true)
#9 C:\Proyectos\Workspace\plavisoft\framework\web\CController.php(782): CController->renderPartial('admin', Array, true)
#10 C:\Proyectos\Workspace\plavisoft\PhpCode\PlaViSoft\protected\controllers\PagoController.php(457): CController->render('admin', Array)
#11 C:\Proyectos\Workspace\plavisoft\framework\web\actions\CInlineAction.php(49): PagoController->actionAdmin()
#12 C:\Proyectos\Workspace\plavisoft\framework\web\CController.php(308): CInlineAction->runWithParams(Array)
#13 C:\Proyectos\Workspace\plavisoft\framework\web\filters\CFilterChain.php(133): CController->runAction(Object(CInlineAction))
#14 C:\Proyectos\Workspace\plavisoft\framework\web\filters\CFilter.php(40): CFilterChain->run()
#15 C:\Proyectos\Workspace\plavisoft\framework\web\CController.php(1145): CFilter->filter(Object(CFilterChain))
#16 C:\Proyectos\Workspace\plavisoft\framework\web\filters\CInlineFilter.php(58): CController->filterAccessControl(Object(CFilterChain))
#17 C:\Proyectos\Workspace\plavisoft\framework\web\filters\CFilterChain.php(130): CInlineFilter->filter(Object(CFilterChain))
#18 C:\Proyectos\Workspace\plavisoft\framework\web\CController.php(291): CFilterChain->run()
#19 C:\Proyectos\Workspace\plavisoft\framework\web\CController.php(265): CController->runActionWithFilters(Object(CInlineAction), Array)
#20 C:\Proyectos\Workspace\plavisoft\framework\web\CWebApplication.php(282): CController->run('admin')
#21 C:\Proyectos\Workspace\plavisoft\framework\web\CWebApplication.php(141): CWebApplication->runController('pago/admin')
#22 C:\Proyectos\Workspace\plavisoft\framework\base\CApplication.php(180): CWebApplication->processRequest()
#23 C:\Proyectos\Workspace\plavisoft\PhpCode\PlaViSoft\index.php(13): CApplication->run()
#24 {main}
REQUEST_URI=/plavisoft/index.php?r=pago/admin&persona_id=6
HTTP_REFERER=http://localhost/plavisoft/index.php?r=pago/create&cuota_id=371
---
2014/10/24 17:29:15 [error] [exception.CHttpException.404] exception 'CHttpException' with message 'El sistema no ha podido encontrar la acción "update" solicitada.' in C:\Proyectos\Workspace\plavisoft\framework\web\CController.php:483
Stack trace:
#0 C:\Proyectos\Workspace\plavisoft\framework\web\CController.php(270): CController->missingAction('update')
#1 C:\Proyectos\Workspace\plavisoft\framework\web\CWebApplication.php(282): CController->run('update')
#2 C:\Proyectos\Workspace\plavisoft\framework\web\CWebApplication.php(141): CWebApplication->runController('Pago/update')
#3 C:\Proyectos\Workspace\plavisoft\framework\base\CApplication.php(180): CWebApplication->processRequest()
#4 C:\Proyectos\Workspace\plavisoft\PhpCode\PlaViSoft\index.php(13): CApplication->run()
#5 {main}
REQUEST_URI=/plavisoft/index.php?r=Pago/update&id=14
HTTP_REFERER=http://localhost/plavisoft/index.php?r=pago/admin&persona_id=6
---
2014/10/24 20:30:38 [warning] [application] Se intenta crear una suscripcion sin Persona
in C:\Proyectos\Workspace\plavisoft\PhpCode\PlaViSoft\protected\controllers\SuscripcionController.php (85)
in C:\Proyectos\Workspace\plavisoft\PhpCode\PlaViSoft\index.php (13)
2014/10/24 20:30:38 [error] [exception.CHttpException.] exception 'CHttpException' with message 'Se intenta crear una suscripcion sin Persona' in C:\Proyectos\Workspace\plavisoft\PhpCode\PlaViSoft\protected\controllers\SuscripcionController.php:86
Stack trace:
#0 C:\Proyectos\Workspace\plavisoft\framework\web\actions\CInlineAction.php(49): SuscripcionController->actionCreate()
#1 C:\Proyectos\Workspace\plavisoft\framework\web\CController.php(308): CInlineAction->runWithParams(Array)
#2 C:\Proyectos\Workspace\plavisoft\framework\web\filters\CFilterChain.php(133): CController->runAction(Object(CInlineAction))
#3 C:\Proyectos\Workspace\plavisoft\framework\web\filters\CFilter.php(40): CFilterChain->run()
#4 C:\Proyectos\Workspace\plavisoft\framework\web\CController.php(1145): CFilter->filter(Object(CFilterChain))
#5 C:\Proyectos\Workspace\plavisoft\framework\web\filters\CInlineFilter.php(58): CController->filterAccessControl(Object(CFilterChain))
#6 C:\Proyectos\Workspace\plavisoft\framework\web\filters\CFilterChain.php(130): CInlineFilter->filter(Object(CFilterChain))
#7 C:\Proyectos\Workspace\plavisoft\framework\web\CController.php(291): CFilterChain->run()
#8 C:\Proyectos\Workspace\plavisoft\framework\web\CController.php(265): CController->runActionWithFilters(Object(CInlineAction), Array)
#9 C:\Proyectos\Workspace\plavisoft\framework\web\CWebApplication.php(282): CController->run('create')
#10 C:\Proyectos\Workspace\plavisoft\framework\web\CWebApplication.php(141): CWebApplication->runController('suscripcion/cre...')
#11 C:\Proyectos\Workspace\plavisoft\framework\base\CApplication.php(180): CWebApplication->processRequest()
#12 C:\Proyectos\Workspace\plavisoft\PhpCode\PlaViSoft\index.php(13): CApplication->run()
#13 {main}
REQUEST_URI=/plavisoft/index.php?r=suscripcion/create
HTTP_REFERER=http://localhost/plavisoft/index.php?r=Suscripcion/view&id=34
---
2014/10/24 20:41:20 [error] [php] Object of class Mes could not be converted to string (C:\Proyectos\Workspace\plavisoft\PhpCode\PlaViSoft\protected\views\cuota\view.php:15)
Stack trace:
#0 C:\Proyectos\Workspace\plavisoft\framework\web\CController.php(869): CuotaController->renderFile()
#1 C:\Proyectos\Workspace\plavisoft\framework\web\CController.php(782): CuotaController->renderPartial()
#2 C:\Proyectos\Workspace\plavisoft\PhpCode\PlaViSoft\protected\controllers\CuotaController.php(57): CuotaController->render()
#3 unknown(0): CuotaController->actionView()
#4 C:\Proyectos\Workspace\plavisoft\framework\web\actions\CAction.php(108): ReflectionMethod->invokeArgs()
#5 C:\Proyectos\Workspace\plavisoft\framework\web\actions\CInlineAction.php(47): CInlineAction->runWithParamsInternal()
#6 C:\Proyectos\Workspace\plavisoft\framework\web\CController.php(308): CInlineAction->runWithParams()
#7 C:\Proyectos\Workspace\plavisoft\framework\web\filters\CFilterChain.php(133): CuotaController->runAction()
#8 C:\Proyectos\Workspace\plavisoft\framework\web\filters\CFilter.php(40): CFilterChain->run()
#9 C:\Proyectos\Workspace\plavisoft\framework\web\CController.php(1145): CAccessControlFilter->filter()
#10 C:\Proyectos\Workspace\plavisoft\framework\web\filters\CInlineFilter.php(58): CuotaController->filterAccessControl()
#11 C:\Proyectos\Workspace\plavisoft\framework\web\filters\CFilterChain.php(130): CInlineFilter->filter()
#12 C:\Proyectos\Workspace\plavisoft\framework\web\CController.php(291): CFilterChain->run()
#13 C:\Proyectos\Workspace\plavisoft\framework\web\CController.php(265): CuotaController->runActionWithFilters()
#14 C:\Proyectos\Workspace\plavisoft\framework\web\CWebApplication.php(282): CuotaController->run()
#15 C:\Proyectos\Workspace\plavisoft\framework\web\CWebApplication.php(141): CWebApplication->runController()
#16 C:\Proyectos\Workspace\plavisoft\framework\base\CApplication.php(180): CWebApplication->processRequest()
#17 C:\Proyectos\Workspace\plavisoft\PhpCode\PlaViSoft\index.php(13): CWebApplication->run()
REQUEST_URI=/plavisoft/index.php?r=Cuota/view&id=32
in C:\Proyectos\Workspace\plavisoft\PhpCode\PlaViSoft\protected\views\cuota\view.php (15)
in C:\Proyectos\Workspace\plavisoft\PhpCode\PlaViSoft\protected\controllers\CuotaController.php (57)
in C:\Proyectos\Workspace\plavisoft\PhpCode\PlaViSoft\index.php (13)
2014/10/24 20:41:30 [error] [php] Object of class Mes could not be converted to string (C:\Proyectos\Workspace\plavisoft\PhpCode\PlaViSoft\protected\views\cuota\view.php:15)
Stack trace:
#0 C:\Proyectos\Workspace\plavisoft\framework\web\CController.php(869): CuotaController->renderFile()
#1 C:\Proyectos\Workspace\plavisoft\framework\web\CController.php(782): CuotaController->renderPartial()
#2 C:\Proyectos\Workspace\plavisoft\PhpCode\PlaViSoft\protected\controllers\CuotaController.php(57): CuotaController->render()
#3 unknown(0): CuotaController->actionView()
#4 C:\Proyectos\Workspace\plavisoft\framework\web\actions\CAction.php(108): ReflectionMethod->invokeArgs()
#5 C:\Proyectos\Workspace\plavisoft\framework\web\actions\CInlineAction.php(47): CInlineAction->runWithParamsInternal()
#6 C:\Proyectos\Workspace\plavisoft\framework\web\CController.php(308): CInlineAction->runWithParams()
#7 C:\Proyectos\Workspace\plavisoft\framework\web\filters\CFilterChain.php(133): CuotaController->runAction()
#8 C:\Proyectos\Workspace\plavisoft\framework\web\filters\CFilter.php(40): CFilterChain->run()
#9 C:\Proyectos\Workspace\plavisoft\framework\web\CController.php(1145): CAccessControlFilter->filter()
#10 C:\Proyectos\Workspace\plavisoft\framework\web\filters\CInlineFilter.php(58): CuotaController->filterAccessControl()
#11 C:\Proyectos\Workspace\plavisoft\framework\web\filters\CFilterChain.php(130): CInlineFilter->filter()
#12 C:\Proyectos\Workspace\plavisoft\framework\web\CController.php(291): CFilterChain->run()
#13 C:\Proyectos\Workspace\plavisoft\framework\web\CController.php(265): CuotaController->runActionWithFilters()
#14 C:\Proyectos\Workspace\plavisoft\framework\web\CWebApplication.php(282): CuotaController->run()
#15 C:\Proyectos\Workspace\plavisoft\framework\web\CWebApplication.php(141): CWebApplication->runController()
#16 C:\Proyectos\Workspace\plavisoft\framework\base\CApplication.php(180): CWebApplication->processRequest()
#17 C:\Proyectos\Workspace\plavisoft\PhpCode\PlaViSoft\index.php(13): CWebApplication->run()
REQUEST_URI=/plavisoft/index.php?r=Cuota/view&id=32
in C:\Proyectos\Workspace\plavisoft\PhpCode\PlaViSoft\protected\views\cuota\view.php (15)
in C:\Proyectos\Workspace\plavisoft\PhpCode\PlaViSoft\protected\controllers\CuotaController.php (57)
in C:\Proyectos\Workspace\plavisoft\PhpCode\PlaViSoft\index.php (13)
2014/10/24 20:45:29 [error] [php] Object of class ReportesController could not be converted to string (C:\Proyectos\Workspace\plavisoft\PhpCode\PlaViSoft\themes\blackboot\views\layouts\column2.php:33)
Stack trace:
#0 C:\Proyectos\Workspace\plavisoft\framework\web\CController.php(784): ReportesController->renderFile()
#1 C:\Proyectos\Workspace\plavisoft\PhpCode\PlaViSoft\protected\controllers\ReportesController.php(135): ReportesController->render()
#2 C:\Proyectos\Workspace\plavisoft\framework\web\actions\CInlineAction.php(49): ReportesController->actionIndex()
#3 C:\Proyectos\Workspace\plavisoft\framework\web\CController.php(308): CInlineAction->runWithParams()
#4 C:\Proyectos\Workspace\plavisoft\framework\web\filters\CFilterChain.php(133): ReportesController->runAction()
#5 C:\Proyectos\Workspace\plavisoft\framework\web\filters\CFilter.php(40): CFilterChain->run()
#6 C:\Proyectos\Workspace\plavisoft\framework\web\CController.php(1145): CAccessControlFilter->filter()
#7 C:\Proyectos\Workspace\plavisoft\framework\web\filters\CInlineFilter.php(58): ReportesController->filterAccessControl()
#8 C:\Proyectos\Workspace\plavisoft\framework\web\filters\CFilterChain.php(130): CInlineFilter->filter()
#9 C:\Proyectos\Workspace\plavisoft\framework\web\CController.php(291): CFilterChain->run()
#10 C:\Proyectos\Workspace\plavisoft\framework\web\CController.php(265): ReportesController->runActionWithFilters()
#11 C:\Proyectos\Workspace\plavisoft\framework\web\CWebApplication.php(282): ReportesController->run()
#12 C:\Proyectos\Workspace\plavisoft\framework\web\CWebApplication.php(141): CWebApplication->runController()
#13 C:\Proyectos\Workspace\plavisoft\framework\base\CApplication.php(180): CWebApplication->processRequest()
#14 C:\Proyectos\Workspace\plavisoft\PhpCode\PlaViSoft\index.php(13): CWebApplication->run()
REQUEST_URI=/plavisoft/index.php?r=reportes
in C:\Proyectos\Workspace\plavisoft\PhpCode\PlaViSoft\themes\blackboot\views\layouts\column2.php (33)
in C:\Proyectos\Workspace\plavisoft\PhpCode\PlaViSoft\protected\controllers\ReportesController.php (135)
in C:\Proyectos\Workspace\plavisoft\PhpCode\PlaViSoft\index.php (13)
2014/10/24 20:47:26 [error] [exception.CException] exception 'CException' with message 'La propiedad "SuscripcionController"."susc" no se encuentra definida.' in C:\Proyectos\Workspace\plavisoft\framework\base\CComponent.php:130
Stack trace:
#0 C:\Proyectos\Workspace\plavisoft\PhpCode\PlaViSoft\themes\blackboot\views\layouts\column2.php(44): CComponent->__get('susc')
#1 C:\Proyectos\Workspace\plavisoft\framework\web\CBaseController.php(126): require('C:\Proyectos\Wo...')
#2 C:\Proyectos\Workspace\plavisoft\framework\web\CBaseController.php(95): CBaseController->renderInternal('C:\Proyectos\Wo...', Array, true)
#3 C:\Proyectos\Workspace\plavisoft\framework\web\CController.php(784): CBaseController->renderFile('C:\Proyectos\Wo...', Array, true)
#4 C:\Proyectos\Workspace\plavisoft\PhpCode\PlaViSoft\protected\controllers\SuscripcionController.php(268): CController->render('admin', Array)
#5 C:\Proyectos\Workspace\plavisoft\framework\web\actions\CInlineAction.php(49): SuscripcionController->actionAdmin()
#6 C:\Proyectos\Workspace\plavisoft\framework\web\CController.php(308): CInlineAction->runWithParams(Array)
#7 C:\Proyectos\Workspace\plavisoft\framework\web\filters\CFilterChain.php(133): CController->runAction(Object(CInlineAction))
#8 C:\Proyectos\Workspace\plavisoft\framework\web\filters\CFilter.php(40): CFilterChain->run()
#9 C:\Proyectos\Workspace\plavisoft\framework\web\CController.php(1145): CFilter->filter(Object(CFilterChain))
#10 C:\Proyectos\Workspace\plavisoft\framework\web\filters\CInlineFilter.php(58): CController->filterAccessControl(Object(CFilterChain))
#11 C:\Proyectos\Workspace\plavisoft\framework\web\filters\CFilterChain.php(130): CInlineFilter->filter(Object(CFilterChain))
#12 C:\Proyectos\Workspace\plavisoft\framework\web\CController.php(291): CFilterChain->run()
#13 C:\Proyectos\Workspace\plavisoft\framework\web\CController.php(265): CController->runActionWithFilters(Object(CInlineAction), Array)
#14 C:\Proyectos\Workspace\plavisoft\framework\web\CWebApplication.php(282): CController->run('admin')
#15 C:\Proyectos\Workspace\plavisoft\framework\web\CWebApplication.php(141): CWebApplication->runController('suscripcion/adm...')
#16 C:\Proyectos\Workspace\plavisoft\framework\base\CApplication.php(180): CWebApplication->processRequest()
#17 C:\Proyectos\Workspace\plavisoft\PhpCode\PlaViSoft\index.php(13): CApplication->run()
#18 {main}
REQUEST_URI=/plavisoft/index.php?r=suscripcion/admin
HTTP_REFERER=http://localhost/plavisoft/index.php?r=reportes
---
2014/10/24 20:48:02 [error] [exception.CException] exception 'CException' with message 'La propiedad "SuscripcionController"."susc" no se encuentra definida.' in C:\Proyectos\Workspace\plavisoft\framework\base\CComponent.php:130
Stack trace:
#0 C:\Proyectos\Workspace\plavisoft\PhpCode\PlaViSoft\themes\blackboot\views\layouts\column2.php(44): CComponent->__get('susc')
#1 C:\Proyectos\Workspace\plavisoft\framework\web\CBaseController.php(126): require('C:\Proyectos\Wo...')
#2 C:\Proyectos\Workspace\plavisoft\framework\web\CBaseController.php(95): CBaseController->renderInternal('C:\Proyectos\Wo...', Array, true)
#3 C:\Proyectos\Workspace\plavisoft\framework\web\CController.php(784): CBaseController->renderFile('C:\Proyectos\Wo...', Array, true)
#4 C:\Proyectos\Workspace\plavisoft\PhpCode\PlaViSoft\protected\controllers\SuscripcionController.php(268): CController->render('admin', Array)
#5 C:\Proyectos\Workspace\plavisoft\framework\web\actions\CInlineAction.php(49): SuscripcionController->actionAdmin()
#6 C:\Proyectos\Workspace\plavisoft\framework\web\CController.php(308): CInlineAction->runWithParams(Array)
#7 C:\Proyectos\Workspace\plavisoft\framework\web\filters\CFilterChain.php(133): CController->runAction(Object(CInlineAction))
#8 C:\Proyectos\Workspace\plavisoft\framework\web\filters\CFilter.php(40): CFilterChain->run()
#9 C:\Proyectos\Workspace\plavisoft\framework\web\CController.php(1145): CFilter->filter(Object(CFilterChain))
#10 C:\Proyectos\Workspace\plavisoft\framework\web\filters\CInlineFilter.php(58): CController->filterAccessControl(Object(CFilterChain))
#11 C:\Proyectos\Workspace\plavisoft\framework\web\filters\CFilterChain.php(130): CInlineFilter->filter(Object(CFilterChain))
#12 C:\Proyectos\Workspace\plavisoft\framework\web\CController.php(291): CFilterChain->run()
#13 C:\Proyectos\Workspace\plavisoft\framework\web\CController.php(265): CController->runActionWithFilters(Object(CInlineAction), Array)
#14 C:\Proyectos\Workspace\plavisoft\framework\web\CWebApplication.php(282): CController->run('admin')
#15 C:\Proyectos\Workspace\plavisoft\framework\web\CWebApplication.php(141): CWebApplication->runController('suscripcion/adm...')
#16 C:\Proyectos\Workspace\plavisoft\framework\base\CApplication.php(180): CWebApplication->processRequest()
#17 C:\Proyectos\Workspace\plavisoft\PhpCode\PlaViSoft\index.php(13): CApplication->run()
#18 {main}
REQUEST_URI=/plavisoft/index.php?r=suscripcion/admin
HTTP_REFERER=http://localhost/plavisoft/index.php?r=reportes
---
2014/10/24 20:48:14 [error] [exception.CException] exception 'CException' with message 'La propiedad "SuscripcionController"."susc" no se encuentra definida.' in C:\Proyectos\Workspace\plavisoft\framework\base\CComponent.php:130
Stack trace:
#0 C:\Proyectos\Workspace\plavisoft\PhpCode\PlaViSoft\protected\components\StatsTotal.php(22): CComponent->__get('susc')
#1 C:\Proyectos\Workspace\plavisoft\framework\zii\widgets\CPortlet.php(97): StatsTotal->renderContent()
#2 C:\Proyectos\Workspace\plavisoft\framework\web\CBaseController.php(173): CPortlet->run()
#3 C:\Proyectos\Workspace\plavisoft\PhpCode\PlaViSoft\themes\blackboot\views\layouts\column2.php(46): CBaseController->widget('StatsTotal', Array)
#4 C:\Proyectos\Workspace\plavisoft\framework\web\CBaseController.php(126): require('C:\Proyectos\Wo...')
#5 C:\Proyectos\Workspace\plavisoft\framework\web\CBaseController.php(95): CBaseController->renderInternal('C:\Proyectos\Wo...', Array, true)
#6 C:\Proyectos\Workspace\plavisoft\framework\web\CController.php(784): CBaseController->renderFile('C:\Proyectos\Wo...', Array, true)
#7 C:\Proyectos\Workspace\plavisoft\PhpCode\PlaViSoft\protected\controllers\SuscripcionController.php(268): CController->render('admin', Array)
#8 C:\Proyectos\Workspace\plavisoft\framework\web\actions\CInlineAction.php(49): SuscripcionController->actionAdmin()
#9 C:\Proyectos\Workspace\plavisoft\framework\web\CController.php(308): CInlineAction->runWithParams(Array)
#10 C:\Proyectos\Workspace\plavisoft\framework\web\filters\CFilterChain.php(133): CController->runAction(Object(CInlineAction))
#11 C:\Proyectos\Workspace\plavisoft\framework\web\filters\CFilter.php(40): CFilterChain->run()
#12 C:\Proyectos\Workspace\plavisoft\framework\web\CController.php(1145): CFilter->filter(Object(CFilterChain))
#13 C:\Proyectos\Workspace\plavisoft\framework\web\filters\CInlineFilter.php(58): CController->filterAccessControl(Object(CFilterChain))
#14 C:\Proyectos\Workspace\plavisoft\framework\web\filters\CFilterChain.php(130): CInlineFilter->filter(Object(CFilterChain))
#15 C:\Proyectos\Workspace\plavisoft\framework\web\CController.php(291): CFilterChain->run()
#16 C:\Proyectos\Workspace\plavisoft\framework\web\CController.php(265): CController->runActionWithFilters(Object(CInlineAction), Array)
#17 C:\Proyectos\Workspace\plavisoft\framework\web\CWebApplication.php(282): CController->run('admin')
#18 C:\Proyectos\Workspace\plavisoft\framework\web\CWebApplication.php(141): CWebApplication->runController('suscripcion/adm...')
#19 C:\Proyectos\Workspace\plavisoft\framework\base\CApplication.php(180): CWebApplication->processRequest()
#20 C:\Proyectos\Workspace\plavisoft\PhpCode\PlaViSoft\index.php(13): CApplication->run()
#21 {main}
REQUEST_URI=/plavisoft/index.php?r=suscripcion/admin
HTTP_REFERER=http://localhost/plavisoft/index.php?r=reportes
---
2014/10/24 21:04:37 [warning] [application] No se encuentra Suscripción
in C:\Proyectos\Workspace\plavisoft\PhpCode\PlaViSoft\protected\controllers\CuotaController.php (144)
in C:\Proyectos\Workspace\plavisoft\PhpCode\PlaViSoft\index.php (13)
2014/10/24 21:04:37 [error] [exception.CHttpException.] exception 'CHttpException' with message 'No se encuentra Suscripción' in C:\Proyectos\Workspace\plavisoft\PhpCode\PlaViSoft\protected\controllers\CuotaController.php:145
Stack trace:
#0 C:\Proyectos\Workspace\plavisoft\framework\web\actions\CInlineAction.php(49): CuotaController->actionAdmin()
#1 C:\Proyectos\Workspace\plavisoft\framework\web\CController.php(308): CInlineAction->runWithParams(Array)
#2 C:\Proyectos\Workspace\plavisoft\framework\web\filters\CFilterChain.php(133): CController->runAction(Object(CInlineAction))
#3 C:\Proyectos\Workspace\plavisoft\framework\web\filters\CFilter.php(40): CFilterChain->run()
#4 C:\Proyectos\Workspace\plavisoft\framework\web\CController.php(1145): CFilter->filter(Object(CFilterChain))
#5 C:\Proyectos\Workspace\plavisoft\framework\web\filters\CInlineFilter.php(58): CController->filterAccessControl(Object(CFilterChain))
#6 C:\Proyectos\Workspace\plavisoft\framework\web\filters\CFilterChain.php(130): CInlineFilter->filter(Object(CFilterChain))
#7 C:\Proyectos\Workspace\plavisoft\framework\web\CController.php(291): CFilterChain->run()
#8 C:\Proyectos\Workspace\plavisoft\framework\web\CController.php(265): CController->runActionWithFilters(Object(CInlineAction), Array)
#9 C:\Proyectos\Workspace\plavisoft\framework\web\CWebApplication.php(282): CController->run('admin')
#10 C:\Proyectos\Workspace\plavisoft\framework\web\CWebApplication.php(141): CWebApplication->runController('cuota/admin')
#11 C:\Proyectos\Workspace\plavisoft\framework\base\CApplication.php(180): CWebApplication->processRequest()
#12 C:\Proyectos\Workspace\plavisoft\PhpCode\PlaViSoft\index.php(13): CApplication->run()
#13 {main}
REQUEST_URI=/plavisoft/index.php?r=cuota/admin&suscripcion_id=
HTTP_REFERER=http://localhost/plavisoft/index.php?r=imputacion/verImputacion&id=32
---
2014/10/24 21:18:55 [error] [php] Invalid argument supplied for foreach() (C:\Proyectos\Workspace\plavisoft\framework\web\helpers\CHtml.php:2078)
Stack trace:
#0 C:\Proyectos\Workspace\plavisoft\framework\web\CBaseController.php(95): SuscripcionController->renderInternal()
#1 C:\Proyectos\Workspace\plavisoft\framework\web\CController.php(869): SuscripcionController->renderFile()
#2 C:\Proyectos\Workspace\plavisoft\PhpCode\PlaViSoft\protected\views\suscripcion\update.php(18): SuscripcionController->renderPartial()
#3 C:\Proyectos\Workspace\plavisoft\framework\web\CBaseController.php(126): require()
#4 C:\Proyectos\Workspace\plavisoft\framework\web\CBaseController.php(95): SuscripcionController->renderInternal()
#5 C:\Proyectos\Workspace\plavisoft\framework\web\CController.php(869): SuscripcionController->renderFile()
#6 C:\Proyectos\Workspace\plavisoft\framework\web\CController.php(782): SuscripcionController->renderPartial()
#7 C:\Proyectos\Workspace\plavisoft\PhpCode\PlaViSoft\protected\controllers\SuscripcionController.php(226): SuscripcionController->render()
#8 unknown(0): SuscripcionController->actionUpdate()
#9 C:\Proyectos\Workspace\plavisoft\framework\web\actions\CAction.php(108): ReflectionMethod->invokeArgs()
#10 C:\Proyectos\Workspace\plavisoft\framework\web\actions\CInlineAction.php(47): CInlineAction->runWithParamsInternal()
#11 C:\Proyectos\Workspace\plavisoft\framework\web\CController.php(308): CInlineAction->runWithParams()
#12 C:\Proyectos\Workspace\plavisoft\framework\web\filters\CFilterChain.php(133): SuscripcionController->runAction()
#13 C:\Proyectos\Workspace\plavisoft\framework\web\filters\CFilter.php(40): CFilterChain->run()
#14 C:\Proyectos\Workspace\plavisoft\framework\web\CController.php(1145): CAccessControlFilter->filter()
#15 C:\Proyectos\Workspace\plavisoft\framework\web\filters\CInlineFilter.php(58): SuscripcionController->filterAccessControl()
#16 C:\Proyectos\Workspace\plavisoft\framework\web\filters\CFilterChain.php(130): CInlineFilter->filter()
#17 C:\Proyectos\Workspace\plavisoft\framework\web\CController.php(291): CFilterChain->run()
#18 C:\Proyectos\Workspace\plavisoft\framework\web\CController.php(265): SuscripcionController->runActionWithFilters()
#19 C:\Proyectos\Workspace\plavisoft\framework\web\CWebApplication.php(282): SuscripcionController->run()
#20 C:\Proyectos\Workspace\plavisoft\framework\web\CWebApplication.php(141): CWebApplication->runController()
#21 C:\Proyectos\Workspace\plavisoft\framework\base\CApplication.php(180): CWebApplication->processRequest()
#22 C:\Proyectos\Workspace\plavisoft\PhpCode\PlaViSoft\index.php(13): CWebApplication->run()
REQUEST_URI=/plavisoft/index.php?r=Suscripcion/update&id=34
in C:\Proyectos\Workspace\plavisoft\PhpCode\PlaViSoft\protected\views\suscripcion\_form.php (88)
in C:\Proyectos\Workspace\plavisoft\PhpCode\PlaViSoft\protected\views\suscripcion\update.php (18)
in C:\Proyectos\Workspace\plavisoft\PhpCode\PlaViSoft\protected\controllers\SuscripcionController.php (226)
2014/10/24 21:19:23 [error] [php] Invalid argument supplied for foreach() (C:\Proyectos\Workspace\plavisoft\framework\web\helpers\CHtml.php:2078)
Stack trace:
#0 C:\Proyectos\Workspace\plavisoft\framework\web\CBaseController.php(95): SuscripcionController->renderInternal()
#1 C:\Proyectos\Workspace\plavisoft\framework\web\CController.php(869): SuscripcionController->renderFile()
#2 C:\Proyectos\Workspace\plavisoft\PhpCode\PlaViSoft\protected\views\suscripcion\update.php(18): SuscripcionController->renderPartial()
#3 C:\Proyectos\Workspace\plavisoft\framework\web\CBaseController.php(126): require()
#4 C:\Proyectos\Workspace\plavisoft\framework\web\CBaseController.php(95): SuscripcionController->renderInternal()
#5 C:\Proyectos\Workspace\plavisoft\framework\web\CController.php(869): SuscripcionController->renderFile()
#6 C:\Proyectos\Workspace\plavisoft\framework\web\CController.php(782): SuscripcionController->renderPartial()
#7 C:\Proyectos\Workspace\plavisoft\PhpCode\PlaViSoft\protected\controllers\SuscripcionController.php(226): SuscripcionController->render()
#8 unknown(0): SuscripcionController->actionUpdate()
#9 C:\Proyectos\Workspace\plavisoft\framework\web\actions\CAction.php(108): ReflectionMethod->invokeArgs()
#10 C:\Proyectos\Workspace\plavisoft\framework\web\actions\CInlineAction.php(47): CInlineAction->runWithParamsInternal()
#11 C:\Proyectos\Workspace\plavisoft\framework\web\CController.php(308): CInlineAction->runWithParams()
#12 C:\Proyectos\Workspace\plavisoft\framework\web\filters\CFilterChain.php(133): SuscripcionController->runAction()
#13 C:\Proyectos\Workspace\plavisoft\framework\web\filters\CFilter.php(40): CFilterChain->run()
#14 C:\Proyectos\Workspace\plavisoft\framework\web\CController.php(1145): CAccessControlFilter->filter()
#15 C:\Proyectos\Workspace\plavisoft\framework\web\filters\CInlineFilter.php(58): SuscripcionController->filterAccessControl()
#16 C:\Proyectos\Workspace\plavisoft\framework\web\filters\CFilterChain.php(130): CInlineFilter->filter()
#17 C:\Proyectos\Workspace\plavisoft\framework\web\CController.php(291): CFilterChain->run()
#18 C:\Proyectos\Workspace\plavisoft\framework\web\CController.php(265): SuscripcionController->runActionWithFilters()
#19 C:\Proyectos\Workspace\plavisoft\framework\web\CWebApplication.php(282): SuscripcionController->run()
#20 C:\Proyectos\Workspace\plavisoft\framework\web\CWebApplication.php(141): CWebApplication->runController()
#21 C:\Proyectos\Workspace\plavisoft\framework\base\CApplication.php(180): CWebApplication->processRequest()
#22 C:\Proyectos\Workspace\plavisoft\PhpCode\PlaViSoft\index.php(13): CWebApplication->run()
REQUEST_URI=/plavisoft/index.php?r=Suscripcion/update&id=34
in C:\Proyectos\Workspace\plavisoft\PhpCode\PlaViSoft\protected\views\suscripcion\_form.php (88)
in C:\Proyectos\Workspace\plavisoft\PhpCode\PlaViSoft\protected\views\suscripcion\update.php (18)
in C:\Proyectos\Workspace\plavisoft\PhpCode\PlaViSoft\protected\controllers\SuscripcionController.php (226)
2014/10/24 21:19:55 [error] [php] Invalid argument supplied for foreach() (C:\Proyectos\Workspace\plavisoft\framework\web\helpers\CHtml.php:2078)
Stack trace:
#0 C:\Proyectos\Workspace\plavisoft\framework\web\CBaseController.php(95): SuscripcionController->renderInternal()
#1 C:\Proyectos\Workspace\plavisoft\framework\web\CController.php(869): SuscripcionController->renderFile()
#2 C:\Proyectos\Workspace\plavisoft\PhpCode\PlaViSoft\protected\views\suscripcion\update.php(18): SuscripcionController->renderPartial()
#3 C:\Proyectos\Workspace\plavisoft\framework\web\CBaseController.php(126): require()
#4 C:\Proyectos\Workspace\plavisoft\framework\web\CBaseController.php(95): SuscripcionController->renderInternal()
#5 C:\Proyectos\Workspace\plavisoft\framework\web\CController.php(869): SuscripcionController->renderFile()
#6 C:\Proyectos\Workspace\plavisoft\framework\web\CController.php(782): SuscripcionController->renderPartial()
#7 C:\Proyectos\Workspace\plavisoft\PhpCode\PlaViSoft\protected\controllers\SuscripcionController.php(226): SuscripcionController->render()
#8 unknown(0): SuscripcionController->actionUpdate()
#9 C:\Proyectos\Workspace\plavisoft\framework\web\actions\CAction.php(108): ReflectionMethod->invokeArgs()
#10 C:\Proyectos\Workspace\plavisoft\framework\web\actions\CInlineAction.php(47): CInlineAction->runWithParamsInternal()
#11 C:\Proyectos\Workspace\plavisoft\framework\web\CController.php(308): CInlineAction->runWithParams()
#12 C:\Proyectos\Workspace\plavisoft\framework\web\filters\CFilterChain.php(133): SuscripcionController->runAction()
#13 C:\Proyectos\Workspace\plavisoft\framework\web\filters\CFilter.php(40): CFilterChain->run()
#14 C:\Proyectos\Workspace\plavisoft\framework\web\CController.php(1145): CAccessControlFilter->filter()
#15 C:\Proyectos\Workspace\plavisoft\framework\web\filters\CInlineFilter.php(58): SuscripcionController->filterAccessControl()
#16 C:\Proyectos\Workspace\plavisoft\framework\web\filters\CFilterChain.php(130): CInlineFilter->filter()
#17 C:\Proyectos\Workspace\plavisoft\framework\web\CController.php(291): CFilterChain->run()
#18 C:\Proyectos\Workspace\plavisoft\framework\web\CController.php(265): SuscripcionController->runActionWithFilters()
#19 C:\Proyectos\Workspace\plavisoft\framework\web\CWebApplication.php(282): SuscripcionController->run()
#20 C:\Proyectos\Workspace\plavisoft\framework\web\CWebApplication.php(141): CWebApplication->runController()
#21 C:\Proyectos\Workspace\plavisoft\framework\base\CApplication.php(180): CWebApplication->processRequest()
#22 C:\Proyectos\Workspace\plavisoft\PhpCode\PlaViSoft\index.php(13): CWebApplication->run()
REQUEST_URI=/plavisoft/index.php?r=Suscripcion/update&id=34
in C:\Proyectos\Workspace\plavisoft\PhpCode\PlaViSoft\protected\views\suscripcion\_form.php (88)
in C:\Proyectos\Workspace\plavisoft\PhpCode\PlaViSoft\protected\views\suscripcion\update.php (18)
in C:\Proyectos\Workspace\plavisoft\PhpCode\PlaViSoft\protected\controllers\SuscripcionController.php (226)
2014/10/24 21:43:29 [error] [exception.CHttpException.404] exception 'CHttpException' with message 'The requested page does not exist.' in C:\Proyectos\Workspace\plavisoft\PhpCode\PlaViSoft\protected\controllers\PersonaController.php:183
Stack trace:
#0 C:\Proyectos\Workspace\plavisoft\PhpCode\PlaViSoft\protected\controllers\PersonaController.php(53): PersonaController->loadModel('')
#1 [internal function]: PersonaController->actionView('')
#2 C:\Proyectos\Workspace\plavisoft\framework\web\actions\CAction.php(108): ReflectionMethod->invokeArgs(Object(PersonaController), Array)
#3 C:\Proyectos\Workspace\plavisoft\framework\web\actions\CInlineAction.php(47): CAction->runWithParamsInternal(Object(PersonaController), Object(ReflectionMethod), Array)
#4 C:\Proyectos\Workspace\plavisoft\framework\web\CController.php(308): CInlineAction->runWithParams(Array)
#5 C:\Proyectos\Workspace\plavisoft\framework\web\filters\CFilterChain.php(133): CController->runAction(Object(CInlineAction))
#6 C:\Proyectos\Workspace\plavisoft\framework\web\filters\CFilter.php(40): CFilterChain->run()
#7 C:\Proyectos\Workspace\plavisoft\framework\web\CController.php(1145): CFilter->filter(Object(CFilterChain))
#8 C:\Proyectos\Workspace\plavisoft\framework\web\filters\CInlineFilter.php(58): CController->filterAccessControl(Object(CFilterChain))
#9 C:\Proyectos\Workspace\plavisoft\framework\web\filters\CFilterChain.php(130): CInlineFilter->filter(Object(CFilterChain))
#10 C:\Proyectos\Workspace\plavisoft\framework\web\CController.php(291): CFilterChain->run()
#11 C:\Proyectos\Workspace\plavisoft\framework\web\CController.php(265): CController->runActionWithFilters(Object(CInlineAction), Array)
#12 C:\Proyectos\Workspace\plavisoft\framework\web\CWebApplication.php(282): CController->run('view')
#13 C:\Proyectos\Workspace\plavisoft\framework\web\CWebApplication.php(141): CWebApplication->runController('Persona/view')
#14 C:\Proyectos\Workspace\plavisoft\framework\base\CApplication.php(180): CWebApplication->processRequest()
#15 C:\Proyectos\Workspace\plavisoft\PhpCode\PlaViSoft\index.php(13): CApplication->run()
#16 {main}
REQUEST_URI=/plavisoft/index.php?r=Persona/view&id=
HTTP_REFERER=http://localhost/plavisoft/index.php?r=pago/admin
---
2014/10/24 22:04:18 [error] [exception.CException] exception 'CException' with message 'El alias "bootstrap.widgets.Pills" es inválido. Asegúrese de que apunta a un archivo PHP existente y que el archivo tiene permisos de lectura.' in C:\Proyectos\Workspace\plavisoft\framework\YiiBase.php:322
Stack trace:
#0 C:\Proyectos\Workspace\plavisoft\framework\web\CWidgetFactory.php(146): YiiBase::import('bootstrap.widge...', true)
#1 C:\Proyectos\Workspace\plavisoft\framework\web\CBaseController.php(146): CWidgetFactory->createWidget(Object(ChequeController), 'bootstrap.widge...', Array)
#2 C:\Proyectos\Workspace\plavisoft\framework\web\CBaseController.php(172): CBaseController->createWidget('bootstrap.widge...', Array)
#3 C:\Proyectos\Workspace\plavisoft\PhpCode\PlaViSoft\protected\views\cheque\admin.php(20): CBaseController->widget('bootstrap.widge...', Array)
#4 C:\Proyectos\Workspace\plavisoft\framework\web\CBaseController.php(126): require('C:\Proyectos\Wo...')
#5 C:\Proyectos\Workspace\plavisoft\framework\web\CBaseController.php(95): CBaseController->renderInternal('C:\Proyectos\Wo...', Array, true)
#6 C:\Proyectos\Workspace\plavisoft\framework\web\CController.php(869): CBaseController->renderFile('C:\Proyectos\Wo...', Array, true)
#7 C:\Proyectos\Workspace\plavisoft\framework\web\CController.php(782): CController->renderPartial('admin', Array, true)
#8 C:\Proyectos\Workspace\plavisoft\PhpCode\PlaViSoft\protected\controllers\ChequeController.php(167): CController->render('admin', Array)
#9 [internal function]: ChequeController->actionAdmin(NULL)
#10 C:\Proyectos\Workspace\plavisoft\framework\web\actions\CAction.php(108): ReflectionMethod->invokeArgs(Object(ChequeController), Array)
#11 C:\Proyectos\Workspace\plavisoft\framework\web\actions\CInlineAction.php(47): CAction->runWithParamsInternal(Object(ChequeController), Object(ReflectionMethod), Array)
#12 C:\Proyectos\Workspace\plavisoft\framework\web\CController.php(308): CInlineAction->runWithParams(Array)
#13 C:\Proyectos\Workspace\plavisoft\framework\web\filters\CFilterChain.php(133): CController->runAction(Object(CInlineAction))
#14 C:\Proyectos\Workspace\plavisoft\framework\web\filters\CFilter.php(40): CFilterChain->run()
#15 C:\Proyectos\Workspace\plavisoft\framework\web\CController.php(1145): CFilter->filter(Object(CFilterChain))
#16 C:\Proyectos\Workspace\plavisoft\framework\web\filters\CInlineFilter.php(58): CController->filterAccessControl(Object(CFilterChain))
#17 C:\Proyectos\Workspace\plavisoft\framework\web\filters\CFilterChain.php(130): CInlineFilter->filter(Object(CFilterChain))
#18 C:\Proyectos\Workspace\plavisoft\framework\web\CController.php(291): CFilterChain->run()
#19 C:\Proyectos\Workspace\plavisoft\framework\web\CController.php(265): CController->runActionWithFilters(Object(CInlineAction), Array)
#20 C:\Proyectos\Workspace\plavisoft\framework\web\CWebApplication.php(282): CController->run('admin')
#21 C:\Proyectos\Workspace\plavisoft\framework\web\CWebApplication.php(141): CWebApplication->runController('cheque/admin')
#22 C:\Proyectos\Workspace\plavisoft\framework\base\CApplication.php(180): CWebApplication->processRequest()
#23 C:\Proyectos\Workspace\plavisoft\PhpCode\PlaViSoft\index.php(13): CApplication->run()
#24 {main}
REQUEST_URI=/plavisoft/index.php?r=cheque/admin
HTTP_REFERER=http://localhost/plavisoft/index.php?r=Financiacion/view&id=7
---
2014/10/24 22:04:30 [error] [exception.CException] exception 'CException' with message 'El alias "bootstrap.widgets.TbPills" es inválido. Asegúrese de que apunta a un archivo PHP existente y que el archivo tiene permisos de lectura.' in C:\Proyectos\Workspace\plavisoft\framework\YiiBase.php:322
Stack trace:
#0 C:\Proyectos\Workspace\plavisoft\framework\web\CWidgetFactory.php(146): YiiBase::import('bootstrap.widge...', true)
#1 C:\Proyectos\Workspace\plavisoft\framework\web\CBaseController.php(146): CWidgetFactory->createWidget(Object(ChequeController), 'bootstrap.widge...', Array)
#2 C:\Proyectos\Workspace\plavisoft\framework\web\CBaseController.php(172): CBaseController->createWidget('bootstrap.widge...', Array)
#3 C:\Proyectos\Workspace\plavisoft\PhpCode\PlaViSoft\protected\views\cheque\admin.php(20): CBaseController->widget('bootstrap.widge...', Array)
#4 C:\Proyectos\Workspace\plavisoft\framework\web\CBaseController.php(126): require('C:\Proyectos\Wo...')
#5 C:\Proyectos\Workspace\plavisoft\framework\web\CBaseController.php(95): CBaseController->renderInternal('C:\Proyectos\Wo...', Array, true)
#6 C:\Proyectos\Workspace\plavisoft\framework\web\CController.php(869): CBaseController->renderFile('C:\Proyectos\Wo...', Array, true)
#7 C:\Proyectos\Workspace\plavisoft\framework\web\CController.php(782): CController->renderPartial('admin', Array, true)
#8 C:\Proyectos\Workspace\plavisoft\PhpCode\PlaViSoft\protected\controllers\ChequeController.php(167): CController->render('admin', Array)
#9 [internal function]: ChequeController->actionAdmin(NULL)
#10 C:\Proyectos\Workspace\plavisoft\framework\web\actions\CAction.php(108): ReflectionMethod->invokeArgs(Object(ChequeController), Array)
#11 C:\Proyectos\Workspace\plavisoft\framework\web\actions\CInlineAction.php(47): CAction->runWithParamsInternal(Object(ChequeController), Object(ReflectionMethod), Array)
#12 C:\Proyectos\Workspace\plavisoft\framework\web\CController.php(308): CInlineAction->runWithParams(Array)
#13 C:\Proyectos\Workspace\plavisoft\framework\web\filters\CFilterChain.php(133): CController->runAction(Object(CInlineAction))
#14 C:\Proyectos\Workspace\plavisoft\framework\web\filters\CFilter.php(40): CFilterChain->run()
#15 C:\Proyectos\Workspace\plavisoft\framework\web\CController.php(1145): CFilter->filter(Object(CFilterChain))
#16 C:\Proyectos\Workspace\plavisoft\framework\web\filters\CInlineFilter.php(58): CController->filterAccessControl(Object(CFilterChain))
#17 C:\Proyectos\Workspace\plavisoft\framework\web\filters\CFilterChain.php(130): CInlineFilter->filter(Object(CFilterChain))
#18 C:\Proyectos\Workspace\plavisoft\framework\web\CController.php(291): CFilterChain->run()
#19 C:\Proyectos\Workspace\plavisoft\framework\web\CController.php(265): CController->runActionWithFilters(Object(CInlineAction), Array)
#20 C:\Proyectos\Workspace\plavisoft\framework\web\CWebApplication.php(282): CController->run('admin')
#21 C:\Proyectos\Workspace\plavisoft\framework\web\CWebApplication.php(141): CWebApplication->runController('cheque/admin')
#22 C:\Proyectos\Workspace\plavisoft\framework\base\CApplication.php(180): CWebApplication->processRequest()
#23 C:\Proyectos\Workspace\plavisoft\PhpCode\PlaViSoft\index.php(13): CApplication->run()
#24 {main}
REQUEST_URI=/plavisoft/index.php?r=cheque/admin
HTTP_REFERER=http://localhost/plavisoft/index.php?r=Financiacion/view&id=7
---
